<?xml version="1.0" encoding="UTF-8"?>
<testsuite name="runner.runner" tests="0" skipped="0" failures="0" errors="0" timestamp="1970-01-01T00:00:00" hostname="DESKTOP-2533FTU" time="0.0">
  <properties/>
  <system-out><![CDATA[]]></system-out>
  <system-err><![CDATA[????????????????????????????????????????????????????????????????????????????
? View your Cucumber Report at:                                            ?
? https://reports.cucumber.io/reports/a57c3ed1-7f24-4219-ad88-f71ce97bdd5a ?
?                                                                          ?
? This report was published in collection "QA Course"                      ?
????????????????????????????????????????????????????????????????????????????]]></system-err>
</testsuite>
